number of users, items, ratings:  7375 105114 5
[1,     0] loss: 0.121, The best rmse/mae: 9999.000000 / 9999.000000
[1,   100] loss: 8.468, The best rmse/mae: 9999.000000 / 9999.000000
[1,   200] loss: 4.733, The best rmse/mae: 9999.000000 / 9999.000000
[1,   300] loss: 2.989, The best rmse/mae: 9999.000000 / 9999.000000
[1,   400] loss: 2.474, The best rmse/mae: 9999.000000 / 9999.000000
[1,   500] loss: 2.130, The best rmse/mae: 9999.000000 / 9999.000000
[1,   600] loss: 1.982, The best rmse/mae: 9999.000000 / 9999.000000
[1,   700] loss: 1.846, The best rmse/mae: 9999.000000 / 9999.000000
[1,   800] loss: 1.792, The best rmse/mae: 9999.000000 / 9999.000000
[1,   900] loss: 1.692, The best rmse/mae: 9999.000000 / 9999.000000
[1,  1000] loss: 1.608, The best rmse/mae: 9999.000000 / 9999.000000
[1,  1100] loss: 1.560, The best rmse/mae: 9999.000000 / 9999.000000
[1,  1200] loss: 1.530, The best rmse/mae: 9999.000000 / 9999.000000
[1,  1300] loss: 1.474, The best rmse/mae: 9999.000000 / 9999.000000
[1,  1400] loss: 1.419, The best rmse/mae: 9999.000000 / 9999.000000
[1,  1500] loss: 1.427, The best rmse/mae: 9999.000000 / 9999.000000
[1,  1600] loss: 1.386, The best rmse/mae: 9999.000000 / 9999.000000
[1,  1700] loss: 1.351, The best rmse/mae: 9999.000000 / 9999.000000
rmse: 1.0761, mae:0.8471 
[2,     0] loss: 0.016, The best rmse/mae: 1.076059 / 0.847113
[2,   100] loss: 1.337, The best rmse/mae: 1.076059 / 0.847113
[2,   200] loss: 1.287, The best rmse/mae: 1.076059 / 0.847113
[2,   300] loss: 1.267, The best rmse/mae: 1.076059 / 0.847113
[2,   400] loss: 1.231, The best rmse/mae: 1.076059 / 0.847113
[2,   500] loss: 1.264, The best rmse/mae: 1.076059 / 0.847113
[2,   600] loss: 1.221, The best rmse/mae: 1.076059 / 0.847113
[2,   700] loss: 1.193, The best rmse/mae: 1.076059 / 0.847113
[2,   800] loss: 1.229, The best rmse/mae: 1.076059 / 0.847113
[2,   900] loss: 1.220, The best rmse/mae: 1.076059 / 0.847113
[2,  1000] loss: 1.199, The best rmse/mae: 1.076059 / 0.847113
[2,  1100] loss: 1.163, The best rmse/mae: 1.076059 / 0.847113
[2,  1200] loss: 1.185, The best rmse/mae: 1.076059 / 0.847113
[2,  1300] loss: 1.163, The best rmse/mae: 1.076059 / 0.847113
[2,  1400] loss: 1.161, The best rmse/mae: 1.076059 / 0.847113
[2,  1500] loss: 1.163, The best rmse/mae: 1.076059 / 0.847113
[2,  1600] loss: 1.160, The best rmse/mae: 1.076059 / 0.847113
[2,  1700] loss: 1.135, The best rmse/mae: 1.076059 / 0.847113
rmse: 1.0490, mae:0.8109 
[3,     0] loss: 0.012, The best rmse/mae: 1.049028 / 0.810948
[3,   100] loss: 1.160, The best rmse/mae: 1.049028 / 0.810948
[3,   200] loss: 1.156, The best rmse/mae: 1.049028 / 0.810948
[3,   300] loss: 1.133, The best rmse/mae: 1.049028 / 0.810948
[3,   400] loss: 1.126, The best rmse/mae: 1.049028 / 0.810948
[3,   500] loss: 1.118, The best rmse/mae: 1.049028 / 0.810948
[3,   600] loss: 1.137, The best rmse/mae: 1.049028 / 0.810948
[3,   700] loss: 1.109, The best rmse/mae: 1.049028 / 0.810948
[3,   800] loss: 1.114, The best rmse/mae: 1.049028 / 0.810948
[3,   900] loss: 1.093, The best rmse/mae: 1.049028 / 0.810948
[3,  1000] loss: 1.113, The best rmse/mae: 1.049028 / 0.810948
[3,  1100] loss: 1.060, The best rmse/mae: 1.049028 / 0.810948
[3,  1200] loss: 1.110, The best rmse/mae: 1.049028 / 0.810948
[3,  1300] loss: 1.107, The best rmse/mae: 1.049028 / 0.810948
[3,  1400] loss: 1.084, The best rmse/mae: 1.049028 / 0.810948
[3,  1500] loss: 1.088, The best rmse/mae: 1.049028 / 0.810948
[3,  1600] loss: 1.053, The best rmse/mae: 1.049028 / 0.810948
[3,  1700] loss: 1.083, The best rmse/mae: 1.049028 / 0.810948
rmse: 1.0305, mae:0.7923 
[4,     0] loss: 0.012, The best rmse/mae: 1.030548 / 0.792295
[4,   100] loss: 1.081, The best rmse/mae: 1.030548 / 0.792295
[4,   200] loss: 1.052, The best rmse/mae: 1.030548 / 0.792295
[4,   300] loss: 1.031, The best rmse/mae: 1.030548 / 0.792295
[4,   400] loss: 1.114, The best rmse/mae: 1.030548 / 0.792295
[4,   500] loss: 1.048, The best rmse/mae: 1.030548 / 0.792295
[4,   600] loss: 1.053, The best rmse/mae: 1.030548 / 0.792295
[4,   700] loss: 1.076, The best rmse/mae: 1.030548 / 0.792295
[4,   800] loss: 1.037, The best rmse/mae: 1.030548 / 0.792295
[4,   900] loss: 1.066, The best rmse/mae: 1.030548 / 0.792295
[4,  1000] loss: 1.088, The best rmse/mae: 1.030548 / 0.792295
[4,  1100] loss: 1.067, The best rmse/mae: 1.030548 / 0.792295
[4,  1200] loss: 1.068, The best rmse/mae: 1.030548 / 0.792295
[4,  1300] loss: 1.071, The best rmse/mae: 1.030548 / 0.792295
[4,  1400] loss: 1.079, The best rmse/mae: 1.030548 / 0.792295
[4,  1500] loss: 1.031, The best rmse/mae: 1.030548 / 0.792295
[4,  1600] loss: 1.061, The best rmse/mae: 1.030548 / 0.792295
[4,  1700] loss: 1.078, The best rmse/mae: 1.030548 / 0.792295
rmse: 1.0184, mae:0.7701 
[5,     0] loss: 0.015, The best rmse/mae: 1.018354 / 0.770113
[5,   100] loss: 1.042, The best rmse/mae: 1.018354 / 0.770113
[5,   200] loss: 1.034, The best rmse/mae: 1.018354 / 0.770113
[5,   300] loss: 1.054, The best rmse/mae: 1.018354 / 0.770113
[5,   400] loss: 1.028, The best rmse/mae: 1.018354 / 0.770113
[5,   500] loss: 1.023, The best rmse/mae: 1.018354 / 0.770113
[5,   600] loss: 1.060, The best rmse/mae: 1.018354 / 0.770113
[5,   700] loss: 1.000, The best rmse/mae: 1.018354 / 0.770113
[5,   800] loss: 1.046, The best rmse/mae: 1.018354 / 0.770113
[5,   900] loss: 1.024, The best rmse/mae: 1.018354 / 0.770113
[5,  1000] loss: 1.061, The best rmse/mae: 1.018354 / 0.770113
[5,  1100] loss: 1.023, The best rmse/mae: 1.018354 / 0.770113
[5,  1200] loss: 1.028, The best rmse/mae: 1.018354 / 0.770113
[5,  1300] loss: 1.025, The best rmse/mae: 1.018354 / 0.770113
[5,  1400] loss: 1.008, The best rmse/mae: 1.018354 / 0.770113
[5,  1500] loss: 1.065, The best rmse/mae: 1.018354 / 0.770113
[5,  1600] loss: 0.994, The best rmse/mae: 1.018354 / 0.770113
[5,  1700] loss: 1.021, The best rmse/mae: 1.018354 / 0.770113
rmse: 1.0028, mae:0.7700 
[6,     0] loss: 0.010, The best rmse/mae: 1.002826 / 0.770003
[6,   100] loss: 1.008, The best rmse/mae: 1.002826 / 0.770003
[6,   200] loss: 0.999, The best rmse/mae: 1.002826 / 0.770003
[6,   300] loss: 1.035, The best rmse/mae: 1.002826 / 0.770003
[6,   400] loss: 1.000, The best rmse/mae: 1.002826 / 0.770003
[6,   500] loss: 1.025, The best rmse/mae: 1.002826 / 0.770003
[6,   600] loss: 1.012, The best rmse/mae: 1.002826 / 0.770003
[6,   700] loss: 1.006, The best rmse/mae: 1.002826 / 0.770003
[6,   800] loss: 1.011, The best rmse/mae: 1.002826 / 0.770003
[6,   900] loss: 0.996, The best rmse/mae: 1.002826 / 0.770003
[6,  1000] loss: 1.009, The best rmse/mae: 1.002826 / 0.770003
[6,  1100] loss: 0.979, The best rmse/mae: 1.002826 / 0.770003
[6,  1200] loss: 0.996, The best rmse/mae: 1.002826 / 0.770003
[6,  1300] loss: 1.019, The best rmse/mae: 1.002826 / 0.770003
[6,  1400] loss: 1.001, The best rmse/mae: 1.002826 / 0.770003
[6,  1500] loss: 0.972, The best rmse/mae: 1.002826 / 0.770003
[6,  1600] loss: 0.992, The best rmse/mae: 1.002826 / 0.770003
[6,  1700] loss: 0.982, The best rmse/mae: 1.002826 / 0.770003
rmse: 1.0067, mae:0.7355 
[7,     0] loss: 0.009, The best rmse/mae: 1.002826 / 0.770003
[7,   100] loss: 0.986, The best rmse/mae: 1.002826 / 0.770003
[7,   200] loss: 1.000, The best rmse/mae: 1.002826 / 0.770003
[7,   300] loss: 0.991, The best rmse/mae: 1.002826 / 0.770003
[7,   400] loss: 0.945, The best rmse/mae: 1.002826 / 0.770003
[7,   500] loss: 0.965, The best rmse/mae: 1.002826 / 0.770003
[7,   600] loss: 0.973, The best rmse/mae: 1.002826 / 0.770003
[7,   700] loss: 0.986, The best rmse/mae: 1.002826 / 0.770003
[7,   800] loss: 1.006, The best rmse/mae: 1.002826 / 0.770003
[7,   900] loss: 0.967, The best rmse/mae: 1.002826 / 0.770003
[7,  1000] loss: 0.990, The best rmse/mae: 1.002826 / 0.770003
[7,  1100] loss: 0.980, The best rmse/mae: 1.002826 / 0.770003
[7,  1200] loss: 0.975, The best rmse/mae: 1.002826 / 0.770003
[7,  1300] loss: 0.990, The best rmse/mae: 1.002826 / 0.770003
[7,  1400] loss: 0.949, The best rmse/mae: 1.002826 / 0.770003
[7,  1500] loss: 0.965, The best rmse/mae: 1.002826 / 0.770003
[7,  1600] loss: 0.973, The best rmse/mae: 1.002826 / 0.770003
[7,  1700] loss: 0.982, The best rmse/mae: 1.002826 / 0.770003
rmse: 0.9931, mae:0.7398 
[8,     0] loss: 0.010, The best rmse/mae: 0.993058 / 0.739798
[8,   100] loss: 0.964, The best rmse/mae: 0.993058 / 0.739798
[8,   200] loss: 0.976, The best rmse/mae: 0.993058 / 0.739798
[8,   300] loss: 0.952, The best rmse/mae: 0.993058 / 0.739798
[8,   400] loss: 0.945, The best rmse/mae: 0.993058 / 0.739798
[8,   500] loss: 0.951, The best rmse/mae: 0.993058 / 0.739798
[8,   600] loss: 0.951, The best rmse/mae: 0.993058 / 0.739798
[8,   700] loss: 0.951, The best rmse/mae: 0.993058 / 0.739798
[8,   800] loss: 0.947, The best rmse/mae: 0.993058 / 0.739798
[8,   900] loss: 0.945, The best rmse/mae: 0.993058 / 0.739798
[8,  1000] loss: 0.929, The best rmse/mae: 0.993058 / 0.739798
[8,  1100] loss: 0.959, The best rmse/mae: 0.993058 / 0.739798
[8,  1200] loss: 0.918, The best rmse/mae: 0.993058 / 0.739798
[8,  1300] loss: 0.957, The best rmse/mae: 0.993058 / 0.739798
[8,  1400] loss: 0.953, The best rmse/mae: 0.993058 / 0.739798
[8,  1500] loss: 0.965, The best rmse/mae: 0.993058 / 0.739798
[8,  1600] loss: 0.964, The best rmse/mae: 0.993058 / 0.739798
[8,  1700] loss: 0.968, The best rmse/mae: 0.993058 / 0.739798
rmse: 0.9742, mae:0.7383 
[9,     0] loss: 0.007, The best rmse/mae: 0.974173 / 0.738281
[9,   100] loss: 0.918, The best rmse/mae: 0.974173 / 0.738281
[9,   200] loss: 0.933, The best rmse/mae: 0.974173 / 0.738281
[9,   300] loss: 0.903, The best rmse/mae: 0.974173 / 0.738281
[9,   400] loss: 0.919, The best rmse/mae: 0.974173 / 0.738281
[9,   500] loss: 0.934, The best rmse/mae: 0.974173 / 0.738281
[9,   600] loss: 0.934, The best rmse/mae: 0.974173 / 0.738281
[9,   700] loss: 0.934, The best rmse/mae: 0.974173 / 0.738281
[9,   800] loss: 0.951, The best rmse/mae: 0.974173 / 0.738281
[9,   900] loss: 0.896, The best rmse/mae: 0.974173 / 0.738281
[9,  1000] loss: 0.931, The best rmse/mae: 0.974173 / 0.738281
[9,  1100] loss: 0.925, The best rmse/mae: 0.974173 / 0.738281
[9,  1200] loss: 0.939, The best rmse/mae: 0.974173 / 0.738281
[9,  1300] loss: 0.946, The best rmse/mae: 0.974173 / 0.738281
[9,  1400] loss: 0.942, The best rmse/mae: 0.974173 / 0.738281
[9,  1500] loss: 0.931, The best rmse/mae: 0.974173 / 0.738281
[9,  1600] loss: 0.936, The best rmse/mae: 0.974173 / 0.738281
[9,  1700] loss: 0.938, The best rmse/mae: 0.974173 / 0.738281
rmse: 0.9650, mae:0.7297 
[10,     0] loss: 0.010, The best rmse/mae: 0.964979 / 0.729739
[10,   100] loss: 0.907, The best rmse/mae: 0.964979 / 0.729739
[10,   200] loss: 0.914, The best rmse/mae: 0.964979 / 0.729739
[10,   300] loss: 0.905, The best rmse/mae: 0.964979 / 0.729739
[10,   400] loss: 0.965, The best rmse/mae: 0.964979 / 0.729739
[10,   500] loss: 0.910, The best rmse/mae: 0.964979 / 0.729739
[10,   600] loss: 0.935, The best rmse/mae: 0.964979 / 0.729739
[10,   700] loss: 0.904, The best rmse/mae: 0.964979 / 0.729739
[10,   800] loss: 0.913, The best rmse/mae: 0.964979 / 0.729739
[10,   900] loss: 0.877, The best rmse/mae: 0.964979 / 0.729739
[10,  1000] loss: 0.916, The best rmse/mae: 0.964979 / 0.729739
[10,  1100] loss: 0.913, The best rmse/mae: 0.964979 / 0.729739
[10,  1200] loss: 0.906, The best rmse/mae: 0.964979 / 0.729739
[10,  1300] loss: 0.919, The best rmse/mae: 0.964979 / 0.729739
[10,  1400] loss: 0.912, The best rmse/mae: 0.964979 / 0.729739
[10,  1500] loss: 0.935, The best rmse/mae: 0.964979 / 0.729739
[10,  1600] loss: 0.927, The best rmse/mae: 0.964979 / 0.729739
[10,  1700] loss: 0.891, The best rmse/mae: 0.964979 / 0.729739
rmse: 0.9577, mae:0.7203 
[11,     0] loss: 0.010, The best rmse/mae: 0.957707 / 0.720252
[11,   100] loss: 0.885, The best rmse/mae: 0.957707 / 0.720252
[11,   200] loss: 0.887, The best rmse/mae: 0.957707 / 0.720252
[11,   300] loss: 0.873, The best rmse/mae: 0.957707 / 0.720252
[11,   400] loss: 0.907, The best rmse/mae: 0.957707 / 0.720252
[11,   500] loss: 0.897, The best rmse/mae: 0.957707 / 0.720252
[11,   600] loss: 0.891, The best rmse/mae: 0.957707 / 0.720252
[11,   700] loss: 0.906, The best rmse/mae: 0.957707 / 0.720252
[11,   800] loss: 0.889, The best rmse/mae: 0.957707 / 0.720252
[11,   900] loss: 0.880, The best rmse/mae: 0.957707 / 0.720252
[11,  1000] loss: 0.910, The best rmse/mae: 0.957707 / 0.720252
[11,  1100] loss: 0.912, The best rmse/mae: 0.957707 / 0.720252
[11,  1200] loss: 0.891, The best rmse/mae: 0.957707 / 0.720252
[11,  1300] loss: 0.922, The best rmse/mae: 0.957707 / 0.720252
[11,  1400] loss: 0.900, The best rmse/mae: 0.957707 / 0.720252
[11,  1500] loss: 0.913, The best rmse/mae: 0.957707 / 0.720252
[11,  1600] loss: 0.898, The best rmse/mae: 0.957707 / 0.720252
[11,  1700] loss: 0.891, The best rmse/mae: 0.957707 / 0.720252
rmse: 0.9525, mae:0.7255 
[12,     0] loss: 0.007, The best rmse/mae: 0.952529 / 0.725512
[12,   100] loss: 0.876, The best rmse/mae: 0.952529 / 0.725512
[12,   200] loss: 0.876, The best rmse/mae: 0.952529 / 0.725512
[12,   300] loss: 0.912, The best rmse/mae: 0.952529 / 0.725512
[12,   400] loss: 0.833, The best rmse/mae: 0.952529 / 0.725512
[12,   500] loss: 0.868, The best rmse/mae: 0.952529 / 0.725512
[12,   600] loss: 0.903, The best rmse/mae: 0.952529 / 0.725512
[12,   700] loss: 0.878, The best rmse/mae: 0.952529 / 0.725512
[12,   800] loss: 0.858, The best rmse/mae: 0.952529 / 0.725512
[12,   900] loss: 0.885, The best rmse/mae: 0.952529 / 0.725512
[12,  1000] loss: 0.898, The best rmse/mae: 0.952529 / 0.725512
[12,  1100] loss: 0.881, The best rmse/mae: 0.952529 / 0.725512
[12,  1200] loss: 0.884, The best rmse/mae: 0.952529 / 0.725512
[12,  1300] loss: 0.885, The best rmse/mae: 0.952529 / 0.725512
[12,  1400] loss: 0.875, The best rmse/mae: 0.952529 / 0.725512
[12,  1500] loss: 0.916, The best rmse/mae: 0.952529 / 0.725512
[12,  1600] loss: 0.883, The best rmse/mae: 0.952529 / 0.725512
[12,  1700] loss: 0.877, The best rmse/mae: 0.952529 / 0.725512
rmse: 0.9471, mae:0.7073 
[13,     0] loss: 0.009, The best rmse/mae: 0.947126 / 0.707274
[13,   100] loss: 0.850, The best rmse/mae: 0.947126 / 0.707274
[13,   200] loss: 0.886, The best rmse/mae: 0.947126 / 0.707274
[13,   300] loss: 0.871, The best rmse/mae: 0.947126 / 0.707274
[13,   400] loss: 0.861, The best rmse/mae: 0.947126 / 0.707274
[13,   500] loss: 0.866, The best rmse/mae: 0.947126 / 0.707274
[13,   600] loss: 0.873, The best rmse/mae: 0.947126 / 0.707274
[13,   700] loss: 0.836, The best rmse/mae: 0.947126 / 0.707274
[13,   800] loss: 0.886, The best rmse/mae: 0.947126 / 0.707274
[13,   900] loss: 0.879, The best rmse/mae: 0.947126 / 0.707274
[13,  1000] loss: 0.850, The best rmse/mae: 0.947126 / 0.707274
[13,  1100] loss: 0.863, The best rmse/mae: 0.947126 / 0.707274
[13,  1200] loss: 0.890, The best rmse/mae: 0.947126 / 0.707274
[13,  1300] loss: 0.865, The best rmse/mae: 0.947126 / 0.707274
[13,  1400] loss: 0.875, The best rmse/mae: 0.947126 / 0.707274
[13,  1500] loss: 0.873, The best rmse/mae: 0.947126 / 0.707274
[13,  1600] loss: 0.887, The best rmse/mae: 0.947126 / 0.707274
[13,  1700] loss: 0.856, The best rmse/mae: 0.947126 / 0.707274
rmse: 0.9524, mae:0.7091 
[14,     0] loss: 0.007, The best rmse/mae: 0.947126 / 0.707274
[14,   100] loss: 0.866, The best rmse/mae: 0.947126 / 0.707274
[14,   200] loss: 0.863, The best rmse/mae: 0.947126 / 0.707274
[14,   300] loss: 0.844, The best rmse/mae: 0.947126 / 0.707274
[14,   400] loss: 0.849, The best rmse/mae: 0.947126 / 0.707274
[14,   500] loss: 0.853, The best rmse/mae: 0.947126 / 0.707274
[14,   600] loss: 0.836, The best rmse/mae: 0.947126 / 0.707274
[14,   700] loss: 0.874, The best rmse/mae: 0.947126 / 0.707274
[14,   800] loss: 0.878, The best rmse/mae: 0.947126 / 0.707274
[14,   900] loss: 0.875, The best rmse/mae: 0.947126 / 0.707274
[14,  1000] loss: 0.853, The best rmse/mae: 0.947126 / 0.707274
[14,  1100] loss: 0.838, The best rmse/mae: 0.947126 / 0.707274
[14,  1200] loss: 0.882, The best rmse/mae: 0.947126 / 0.707274
[14,  1300] loss: 0.878, The best rmse/mae: 0.947126 / 0.707274
[14,  1400] loss: 0.871, The best rmse/mae: 0.947126 / 0.707274
[14,  1500] loss: 0.872, The best rmse/mae: 0.947126 / 0.707274
[14,  1600] loss: 0.848, The best rmse/mae: 0.947126 / 0.707274
[14,  1700] loss: 0.852, The best rmse/mae: 0.947126 / 0.707274
rmse: 0.9538, mae:0.7392 
[15,     0] loss: 0.010, The best rmse/mae: 0.947126 / 0.707274
[15,   100] loss: 0.846, The best rmse/mae: 0.947126 / 0.707274
[15,   200] loss: 0.836, The best rmse/mae: 0.947126 / 0.707274
[15,   300] loss: 0.847, The best rmse/mae: 0.947126 / 0.707274
[15,   400] loss: 0.861, The best rmse/mae: 0.947126 / 0.707274
[15,   500] loss: 0.842, The best rmse/mae: 0.947126 / 0.707274
[15,   600] loss: 0.860, The best rmse/mae: 0.947126 / 0.707274
[15,   700] loss: 0.872, The best rmse/mae: 0.947126 / 0.707274
[15,   800] loss: 0.857, The best rmse/mae: 0.947126 / 0.707274
[15,   900] loss: 0.859, The best rmse/mae: 0.947126 / 0.707274
[15,  1000] loss: 0.833, The best rmse/mae: 0.947126 / 0.707274
[15,  1100] loss: 0.863, The best rmse/mae: 0.947126 / 0.707274
[15,  1200] loss: 0.871, The best rmse/mae: 0.947126 / 0.707274
[15,  1300] loss: 0.837, The best rmse/mae: 0.947126 / 0.707274
[15,  1400] loss: 0.854, The best rmse/mae: 0.947126 / 0.707274
[15,  1500] loss: 0.851, The best rmse/mae: 0.947126 / 0.707274
[15,  1600] loss: 0.851, The best rmse/mae: 0.947126 / 0.707274
[15,  1700] loss: 0.861, The best rmse/mae: 0.947126 / 0.707274
rmse: 0.9536, mae:0.7263 
[16,     0] loss: 0.009, The best rmse/mae: 0.947126 / 0.707274
[16,   100] loss: 0.838, The best rmse/mae: 0.947126 / 0.707274
[16,   200] loss: 0.825, The best rmse/mae: 0.947126 / 0.707274
[16,   300] loss: 0.873, The best rmse/mae: 0.947126 / 0.707274
[16,   400] loss: 0.848, The best rmse/mae: 0.947126 / 0.707274
[16,   500] loss: 0.808, The best rmse/mae: 0.947126 / 0.707274
[16,   600] loss: 0.828, The best rmse/mae: 0.947126 / 0.707274
[16,   700] loss: 0.842, The best rmse/mae: 0.947126 / 0.707274
[16,   800] loss: 0.854, The best rmse/mae: 0.947126 / 0.707274
[16,   900] loss: 0.850, The best rmse/mae: 0.947126 / 0.707274
[16,  1000] loss: 0.855, The best rmse/mae: 0.947126 / 0.707274
[16,  1100] loss: 0.841, The best rmse/mae: 0.947126 / 0.707274
[16,  1200] loss: 0.840, The best rmse/mae: 0.947126 / 0.707274
[16,  1300] loss: 0.844, The best rmse/mae: 0.947126 / 0.707274
[16,  1400] loss: 0.859, The best rmse/mae: 0.947126 / 0.707274
[16,  1500] loss: 0.843, The best rmse/mae: 0.947126 / 0.707274
[16,  1600] loss: 0.845, The best rmse/mae: 0.947126 / 0.707274
[16,  1700] loss: 0.886, The best rmse/mae: 0.947126 / 0.707274
rmse: 0.9472, mae:0.7182 
[17,     0] loss: 0.010, The best rmse/mae: 0.947126 / 0.707274
[17,   100] loss: 0.841, The best rmse/mae: 0.947126 / 0.707274
[17,   200] loss: 0.815, The best rmse/mae: 0.947126 / 0.707274
[17,   300] loss: 0.833, The best rmse/mae: 0.947126 / 0.707274
[17,   400] loss: 0.827, The best rmse/mae: 0.947126 / 0.707274
[17,   500] loss: 0.829, The best rmse/mae: 0.947126 / 0.707274
[17,   600] loss: 0.848, The best rmse/mae: 0.947126 / 0.707274
[17,   700] loss: 0.833, The best rmse/mae: 0.947126 / 0.707274
[17,   800] loss: 0.852, The best rmse/mae: 0.947126 / 0.707274
[17,   900] loss: 0.832, The best rmse/mae: 0.947126 / 0.707274
[17,  1000] loss: 0.825, The best rmse/mae: 0.947126 / 0.707274
[17,  1100] loss: 0.837, The best rmse/mae: 0.947126 / 0.707274
[17,  1200] loss: 0.851, The best rmse/mae: 0.947126 / 0.707274
[17,  1300] loss: 0.845, The best rmse/mae: 0.947126 / 0.707274
[17,  1400] loss: 0.824, The best rmse/mae: 0.947126 / 0.707274
[17,  1500] loss: 0.848, The best rmse/mae: 0.947126 / 0.707274
[17,  1600] loss: 0.838, The best rmse/mae: 0.947126 / 0.707274
[17,  1700] loss: 0.852, The best rmse/mae: 0.947126 / 0.707274
rmse: 0.9456, mae:0.7186 
[18,     0] loss: 0.010, The best rmse/mae: 0.945627 / 0.718621
[18,   100] loss: 0.851, The best rmse/mae: 0.945627 / 0.718621
[18,   200] loss: 0.817, The best rmse/mae: 0.945627 / 0.718621
[18,   300] loss: 0.806, The best rmse/mae: 0.945627 / 0.718621
[18,   400] loss: 0.827, The best rmse/mae: 0.945627 / 0.718621
[18,   500] loss: 0.839, The best rmse/mae: 0.945627 / 0.718621
[18,   600] loss: 0.846, The best rmse/mae: 0.945627 / 0.718621
[18,   700] loss: 0.840, The best rmse/mae: 0.945627 / 0.718621
[18,   800] loss: 0.830, The best rmse/mae: 0.945627 / 0.718621
[18,   900] loss: 0.842, The best rmse/mae: 0.945627 / 0.718621
[18,  1000] loss: 0.821, The best rmse/mae: 0.945627 / 0.718621
[18,  1100] loss: 0.836, The best rmse/mae: 0.945627 / 0.718621
[18,  1200] loss: 0.821, The best rmse/mae: 0.945627 / 0.718621
[18,  1300] loss: 0.843, The best rmse/mae: 0.945627 / 0.718621
[18,  1400] loss: 0.848, The best rmse/mae: 0.945627 / 0.718621
[18,  1500] loss: 0.846, The best rmse/mae: 0.945627 / 0.718621
[18,  1600] loss: 0.845, The best rmse/mae: 0.945627 / 0.718621
[18,  1700] loss: 0.815, The best rmse/mae: 0.945627 / 0.718621
rmse: 0.9473, mae:0.7303 
[19,     0] loss: 0.008, The best rmse/mae: 0.945627 / 0.718621
[19,   100] loss: 0.809, The best rmse/mae: 0.945627 / 0.718621
[19,   200] loss: 0.819, The best rmse/mae: 0.945627 / 0.718621
[19,   300] loss: 0.823, The best rmse/mae: 0.945627 / 0.718621
[19,   400] loss: 0.839, The best rmse/mae: 0.945627 / 0.718621
[19,   500] loss: 0.837, The best rmse/mae: 0.945627 / 0.718621
[19,   600] loss: 0.826, The best rmse/mae: 0.945627 / 0.718621
[19,   700] loss: 0.809, The best rmse/mae: 0.945627 / 0.718621
[19,   800] loss: 0.833, The best rmse/mae: 0.945627 / 0.718621
[19,   900] loss: 0.820, The best rmse/mae: 0.945627 / 0.718621
[19,  1000] loss: 0.861, The best rmse/mae: 0.945627 / 0.718621
[19,  1100] loss: 0.843, The best rmse/mae: 0.945627 / 0.718621
[19,  1200] loss: 0.840, The best rmse/mae: 0.945627 / 0.718621
[19,  1300] loss: 0.827, The best rmse/mae: 0.945627 / 0.718621
[19,  1400] loss: 0.819, The best rmse/mae: 0.945627 / 0.718621
[19,  1500] loss: 0.833, The best rmse/mae: 0.945627 / 0.718621
[19,  1600] loss: 0.807, The best rmse/mae: 0.945627 / 0.718621
[19,  1700] loss: 0.845, The best rmse/mae: 0.945627 / 0.718621
rmse: 0.9485, mae:0.7267 
[20,     0] loss: 0.007, The best rmse/mae: 0.945627 / 0.718621
[20,   100] loss: 0.825, The best rmse/mae: 0.945627 / 0.718621
[20,   200] loss: 0.832, The best rmse/mae: 0.945627 / 0.718621
[20,   300] loss: 0.791, The best rmse/mae: 0.945627 / 0.718621
[20,   400] loss: 0.822, The best rmse/mae: 0.945627 / 0.718621
[20,   500] loss: 0.797, The best rmse/mae: 0.945627 / 0.718621
[20,   600] loss: 0.812, The best rmse/mae: 0.945627 / 0.718621
[20,   700] loss: 0.824, The best rmse/mae: 0.945627 / 0.718621
[20,   800] loss: 0.833, The best rmse/mae: 0.945627 / 0.718621
[20,   900] loss: 0.834, The best rmse/mae: 0.945627 / 0.718621
[20,  1000] loss: 0.836, The best rmse/mae: 0.945627 / 0.718621
[20,  1100] loss: 0.805, The best rmse/mae: 0.945627 / 0.718621
[20,  1200] loss: 0.843, The best rmse/mae: 0.945627 / 0.718621
[20,  1300] loss: 0.802, The best rmse/mae: 0.945627 / 0.718621
[20,  1400] loss: 0.843, The best rmse/mae: 0.945627 / 0.718621
[20,  1500] loss: 0.818, The best rmse/mae: 0.945627 / 0.718621
[20,  1600] loss: 0.831, The best rmse/mae: 0.945627 / 0.718621
[20,  1700] loss: 0.816, The best rmse/mae: 0.945627 / 0.718621
rmse: 0.9510, mae:0.7245 
[21,     0] loss: 0.009, The best rmse/mae: 0.945627 / 0.718621
[21,   100] loss: 0.793, The best rmse/mae: 0.945627 / 0.718621
[21,   200] loss: 0.805, The best rmse/mae: 0.945627 / 0.718621
[21,   300] loss: 0.816, The best rmse/mae: 0.945627 / 0.718621
[21,   400] loss: 0.819, The best rmse/mae: 0.945627 / 0.718621
[21,   500] loss: 0.811, The best rmse/mae: 0.945627 / 0.718621
[21,   600] loss: 0.838, The best rmse/mae: 0.945627 / 0.718621
[21,   700] loss: 0.815, The best rmse/mae: 0.945627 / 0.718621
[21,   800] loss: 0.802, The best rmse/mae: 0.945627 / 0.718621
[21,   900] loss: 0.843, The best rmse/mae: 0.945627 / 0.718621
[21,  1000] loss: 0.812, The best rmse/mae: 0.945627 / 0.718621
[21,  1100] loss: 0.811, The best rmse/mae: 0.945627 / 0.718621
[21,  1200] loss: 0.820, The best rmse/mae: 0.945627 / 0.718621
[21,  1300] loss: 0.826, The best rmse/mae: 0.945627 / 0.718621
[21,  1400] loss: 0.805, The best rmse/mae: 0.945627 / 0.718621
[21,  1500] loss: 0.829, The best rmse/mae: 0.945627 / 0.718621
[21,  1600] loss: 0.843, The best rmse/mae: 0.945627 / 0.718621
[21,  1700] loss: 0.812, The best rmse/mae: 0.945627 / 0.718621
rmse: 0.9460, mae:0.7164 
[22,     0] loss: 0.009, The best rmse/mae: 0.945627 / 0.718621
[22,   100] loss: 0.813, The best rmse/mae: 0.945627 / 0.718621
[22,   200] loss: 0.812, The best rmse/mae: 0.945627 / 0.718621
[22,   300] loss: 0.793, The best rmse/mae: 0.945627 / 0.718621
[22,   400] loss: 0.821, The best rmse/mae: 0.945627 / 0.718621
[22,   500] loss: 0.788, The best rmse/mae: 0.945627 / 0.718621
[22,   600] loss: 0.803, The best rmse/mae: 0.945627 / 0.718621
[22,   700] loss: 0.819, The best rmse/mae: 0.945627 / 0.718621
[22,   800] loss: 0.806, The best rmse/mae: 0.945627 / 0.718621
[22,   900] loss: 0.820, The best rmse/mae: 0.945627 / 0.718621
[22,  1000] loss: 0.806, The best rmse/mae: 0.945627 / 0.718621
[22,  1100] loss: 0.837, The best rmse/mae: 0.945627 / 0.718621
[22,  1200] loss: 0.823, The best rmse/mae: 0.945627 / 0.718621
[22,  1300] loss: 0.798, The best rmse/mae: 0.945627 / 0.718621
[22,  1400] loss: 0.843, The best rmse/mae: 0.945627 / 0.718621
[22,  1500] loss: 0.832, The best rmse/mae: 0.945627 / 0.718621
[22,  1600] loss: 0.823, The best rmse/mae: 0.945627 / 0.718621
[22,  1700] loss: 0.821, The best rmse/mae: 0.945627 / 0.718621
rmse: 0.9562, mae:0.7386 
[23,     0] loss: 0.007, The best rmse/mae: 0.945627 / 0.718621
[23,   100] loss: 0.784, The best rmse/mae: 0.945627 / 0.718621
[23,   200] loss: 0.790, The best rmse/mae: 0.945627 / 0.718621
[23,   300] loss: 0.807, The best rmse/mae: 0.945627 / 0.718621
[23,   400] loss: 0.831, The best rmse/mae: 0.945627 / 0.718621
[23,   500] loss: 0.805, The best rmse/mae: 0.945627 / 0.718621
[23,   600] loss: 0.795, The best rmse/mae: 0.945627 / 0.718621
[23,   700] loss: 0.798, The best rmse/mae: 0.945627 / 0.718621
[23,   800] loss: 0.816, The best rmse/mae: 0.945627 / 0.718621
[23,   900] loss: 0.831, The best rmse/mae: 0.945627 / 0.718621
[23,  1000] loss: 0.814, The best rmse/mae: 0.945627 / 0.718621
[23,  1100] loss: 0.802, The best rmse/mae: 0.945627 / 0.718621
[23,  1200] loss: 0.822, The best rmse/mae: 0.945627 / 0.718621
[23,  1300] loss: 0.821, The best rmse/mae: 0.945627 / 0.718621
[23,  1400] loss: 0.808, The best rmse/mae: 0.945627 / 0.718621
[23,  1500] loss: 0.821, The best rmse/mae: 0.945627 / 0.718621
[23,  1600] loss: 0.814, The best rmse/mae: 0.945627 / 0.718621
[23,  1700] loss: 0.829, The best rmse/mae: 0.945627 / 0.718621
rmse: 0.9441, mae:0.7083 
[24,     0] loss: 0.006, The best rmse/mae: 0.944058 / 0.708254
[24,   100] loss: 0.782, The best rmse/mae: 0.944058 / 0.708254
[24,   200] loss: 0.789, The best rmse/mae: 0.944058 / 0.708254
[24,   300] loss: 0.806, The best rmse/mae: 0.944058 / 0.708254
[24,   400] loss: 0.814, The best rmse/mae: 0.944058 / 0.708254
[24,   500] loss: 0.805, The best rmse/mae: 0.944058 / 0.708254
[24,   600] loss: 0.784, The best rmse/mae: 0.944058 / 0.708254
[24,   700] loss: 0.798, The best rmse/mae: 0.944058 / 0.708254
[24,   800] loss: 0.843, The best rmse/mae: 0.944058 / 0.708254
[24,   900] loss: 0.805, The best rmse/mae: 0.944058 / 0.708254
[24,  1000] loss: 0.819, The best rmse/mae: 0.944058 / 0.708254
[24,  1100] loss: 0.845, The best rmse/mae: 0.944058 / 0.708254
[24,  1200] loss: 0.797, The best rmse/mae: 0.944058 / 0.708254
[24,  1300] loss: 0.812, The best rmse/mae: 0.944058 / 0.708254
[24,  1400] loss: 0.803, The best rmse/mae: 0.944058 / 0.708254
[24,  1500] loss: 0.794, The best rmse/mae: 0.944058 / 0.708254
[24,  1600] loss: 0.811, The best rmse/mae: 0.944058 / 0.708254
[24,  1700] loss: 0.836, The best rmse/mae: 0.944058 / 0.708254
rmse: 0.9344, mae:0.6920 
[25,     0] loss: 0.007, The best rmse/mae: 0.934411 / 0.692022
[25,   100] loss: 0.801, The best rmse/mae: 0.934411 / 0.692022
[25,   200] loss: 0.796, The best rmse/mae: 0.934411 / 0.692022
[25,   300] loss: 0.805, The best rmse/mae: 0.934411 / 0.692022
[25,   400] loss: 0.814, The best rmse/mae: 0.934411 / 0.692022
[25,   500] loss: 0.802, The best rmse/mae: 0.934411 / 0.692022
[25,   600] loss: 0.820, The best rmse/mae: 0.934411 / 0.692022
[25,   700] loss: 0.802, The best rmse/mae: 0.934411 / 0.692022
[25,   800] loss: 0.820, The best rmse/mae: 0.934411 / 0.692022
[25,   900] loss: 0.798, The best rmse/mae: 0.934411 / 0.692022
[25,  1000] loss: 0.826, The best rmse/mae: 0.934411 / 0.692022
[25,  1100] loss: 0.789, The best rmse/mae: 0.934411 / 0.692022
[25,  1200] loss: 0.775, The best rmse/mae: 0.934411 / 0.692022
[25,  1300] loss: 0.791, The best rmse/mae: 0.934411 / 0.692022
[25,  1400] loss: 0.806, The best rmse/mae: 0.934411 / 0.692022
[25,  1500] loss: 0.812, The best rmse/mae: 0.934411 / 0.692022
[25,  1600] loss: 0.813, The best rmse/mae: 0.934411 / 0.692022
[25,  1700] loss: 0.809, The best rmse/mae: 0.934411 / 0.692022
rmse: 0.9348, mae:0.7041 
[26,     0] loss: 0.008, The best rmse/mae: 0.934411 / 0.692022
[26,   100] loss: 0.800, The best rmse/mae: 0.934411 / 0.692022
[26,   200] loss: 0.769, The best rmse/mae: 0.934411 / 0.692022
[26,   300] loss: 0.814, The best rmse/mae: 0.934411 / 0.692022
[26,   400] loss: 0.799, The best rmse/mae: 0.934411 / 0.692022
[26,   500] loss: 0.771, The best rmse/mae: 0.934411 / 0.692022
[26,   600] loss: 0.789, The best rmse/mae: 0.934411 / 0.692022
[26,   700] loss: 0.786, The best rmse/mae: 0.934411 / 0.692022
[26,   800] loss: 0.801, The best rmse/mae: 0.934411 / 0.692022
[26,   900] loss: 0.810, The best rmse/mae: 0.934411 / 0.692022
[26,  1000] loss: 0.807, The best rmse/mae: 0.934411 / 0.692022
[26,  1100] loss: 0.829, The best rmse/mae: 0.934411 / 0.692022
[26,  1200] loss: 0.811, The best rmse/mae: 0.934411 / 0.692022
[26,  1300] loss: 0.815, The best rmse/mae: 0.934411 / 0.692022
[26,  1400] loss: 0.824, The best rmse/mae: 0.934411 / 0.692022
[26,  1500] loss: 0.826, The best rmse/mae: 0.934411 / 0.692022
[26,  1600] loss: 0.806, The best rmse/mae: 0.934411 / 0.692022
[26,  1700] loss: 0.803, The best rmse/mae: 0.934411 / 0.692022
rmse: 0.9354, mae:0.6932 
[27,     0] loss: 0.006, The best rmse/mae: 0.934411 / 0.692022
[27,   100] loss: 0.782, The best rmse/mae: 0.934411 / 0.692022
[27,   200] loss: 0.797, The best rmse/mae: 0.934411 / 0.692022
[27,   300] loss: 0.811, The best rmse/mae: 0.934411 / 0.692022
[27,   400] loss: 0.799, The best rmse/mae: 0.934411 / 0.692022
[27,   500] loss: 0.805, The best rmse/mae: 0.934411 / 0.692022
[27,   600] loss: 0.785, The best rmse/mae: 0.934411 / 0.692022
[27,   700] loss: 0.808, The best rmse/mae: 0.934411 / 0.692022
[27,   800] loss: 0.775, The best rmse/mae: 0.934411 / 0.692022
[27,   900] loss: 0.814, The best rmse/mae: 0.934411 / 0.692022
[27,  1000] loss: 0.792, The best rmse/mae: 0.934411 / 0.692022
[27,  1100] loss: 0.795, The best rmse/mae: 0.934411 / 0.692022
[27,  1200] loss: 0.823, The best rmse/mae: 0.934411 / 0.692022
[27,  1300] loss: 0.816, The best rmse/mae: 0.934411 / 0.692022
[27,  1400] loss: 0.798, The best rmse/mae: 0.934411 / 0.692022
[27,  1500] loss: 0.806, The best rmse/mae: 0.934411 / 0.692022
[27,  1600] loss: 0.831, The best rmse/mae: 0.934411 / 0.692022
[27,  1700] loss: 0.792, The best rmse/mae: 0.934411 / 0.692022
rmse: 0.9388, mae:0.6888 
[28,     0] loss: 0.006, The best rmse/mae: 0.934411 / 0.692022
[28,   100] loss: 0.791, The best rmse/mae: 0.934411 / 0.692022
[28,   200] loss: 0.811, The best rmse/mae: 0.934411 / 0.692022
[28,   300] loss: 0.787, The best rmse/mae: 0.934411 / 0.692022
[28,   400] loss: 0.794, The best rmse/mae: 0.934411 / 0.692022
[28,   500] loss: 0.801, The best rmse/mae: 0.934411 / 0.692022
[28,   600] loss: 0.811, The best rmse/mae: 0.934411 / 0.692022
[28,   700] loss: 0.778, The best rmse/mae: 0.934411 / 0.692022
[28,   800] loss: 0.803, The best rmse/mae: 0.934411 / 0.692022
[28,   900] loss: 0.784, The best rmse/mae: 0.934411 / 0.692022
[28,  1000] loss: 0.784, The best rmse/mae: 0.934411 / 0.692022
[28,  1100] loss: 0.811, The best rmse/mae: 0.934411 / 0.692022
[28,  1200] loss: 0.816, The best rmse/mae: 0.934411 / 0.692022
[28,  1300] loss: 0.807, The best rmse/mae: 0.934411 / 0.692022
[28,  1400] loss: 0.815, The best rmse/mae: 0.934411 / 0.692022
[28,  1500] loss: 0.795, The best rmse/mae: 0.934411 / 0.692022
[28,  1600] loss: 0.803, The best rmse/mae: 0.934411 / 0.692022
[28,  1700] loss: 0.822, The best rmse/mae: 0.934411 / 0.692022
rmse: 0.9429, mae:0.6916 
[29,     0] loss: 0.007, The best rmse/mae: 0.934411 / 0.692022
[29,   100] loss: 0.788, The best rmse/mae: 0.934411 / 0.692022
[29,   200] loss: 0.796, The best rmse/mae: 0.934411 / 0.692022
[29,   300] loss: 0.782, The best rmse/mae: 0.934411 / 0.692022
[29,   400] loss: 0.769, The best rmse/mae: 0.934411 / 0.692022
[29,   500] loss: 0.760, The best rmse/mae: 0.934411 / 0.692022
[29,   600] loss: 0.800, The best rmse/mae: 0.934411 / 0.692022
[29,   700] loss: 0.808, The best rmse/mae: 0.934411 / 0.692022
[29,   800] loss: 0.810, The best rmse/mae: 0.934411 / 0.692022
[29,   900] loss: 0.798, The best rmse/mae: 0.934411 / 0.692022
[29,  1000] loss: 0.787, The best rmse/mae: 0.934411 / 0.692022
[29,  1100] loss: 0.786, The best rmse/mae: 0.934411 / 0.692022
[29,  1200] loss: 0.797, The best rmse/mae: 0.934411 / 0.692022
[29,  1300] loss: 0.801, The best rmse/mae: 0.934411 / 0.692022
[29,  1400] loss: 0.813, The best rmse/mae: 0.934411 / 0.692022
[29,  1500] loss: 0.831, The best rmse/mae: 0.934411 / 0.692022
[29,  1600] loss: 0.818, The best rmse/mae: 0.934411 / 0.692022
[29,  1700] loss: 0.788, The best rmse/mae: 0.934411 / 0.692022
rmse: 0.9375, mae:0.7155 
[30,     0] loss: 0.007, The best rmse/mae: 0.934411 / 0.692022
[30,   100] loss: 0.784, The best rmse/mae: 0.934411 / 0.692022
[30,   200] loss: 0.776, The best rmse/mae: 0.934411 / 0.692022
[30,   300] loss: 0.797, The best rmse/mae: 0.934411 / 0.692022
[30,   400] loss: 0.808, The best rmse/mae: 0.934411 / 0.692022
[30,   500] loss: 0.791, The best rmse/mae: 0.934411 / 0.692022
[30,   600] loss: 0.777, The best rmse/mae: 0.934411 / 0.692022
[30,   700] loss: 0.802, The best rmse/mae: 0.934411 / 0.692022
[30,   800] loss: 0.790, The best rmse/mae: 0.934411 / 0.692022
[30,   900] loss: 0.786, The best rmse/mae: 0.934411 / 0.692022
[30,  1000] loss: 0.789, The best rmse/mae: 0.934411 / 0.692022
[30,  1100] loss: 0.788, The best rmse/mae: 0.934411 / 0.692022
[30,  1200] loss: 0.804, The best rmse/mae: 0.934411 / 0.692022
[30,  1300] loss: 0.800, The best rmse/mae: 0.934411 / 0.692022
[30,  1400] loss: 0.816, The best rmse/mae: 0.934411 / 0.692022
[30,  1500] loss: 0.819, The best rmse/mae: 0.934411 / 0.692022
[30,  1600] loss: 0.803, The best rmse/mae: 0.934411 / 0.692022
[30,  1700] loss: 0.819, The best rmse/mae: 0.934411 / 0.692022
rmse: 0.9403, mae:0.7112 
[31,     0] loss: 0.008, The best rmse/mae: 0.934411 / 0.692022
[31,   100] loss: 0.786, The best rmse/mae: 0.934411 / 0.692022
[31,   200] loss: 0.785, The best rmse/mae: 0.934411 / 0.692022
[31,   300] loss: 0.785, The best rmse/mae: 0.934411 / 0.692022
[31,   400] loss: 0.778, The best rmse/mae: 0.934411 / 0.692022
[31,   500] loss: 0.791, The best rmse/mae: 0.934411 / 0.692022
[31,   600] loss: 0.773, The best rmse/mae: 0.934411 / 0.692022
[31,   700] loss: 0.777, The best rmse/mae: 0.934411 / 0.692022
[31,   800] loss: 0.775, The best rmse/mae: 0.934411 / 0.692022
[31,   900] loss: 0.789, The best rmse/mae: 0.934411 / 0.692022
[31,  1000] loss: 0.799, The best rmse/mae: 0.934411 / 0.692022
[31,  1100] loss: 0.804, The best rmse/mae: 0.934411 / 0.692022
[31,  1200] loss: 0.822, The best rmse/mae: 0.934411 / 0.692022
[31,  1300] loss: 0.819, The best rmse/mae: 0.934411 / 0.692022
[31,  1400] loss: 0.801, The best rmse/mae: 0.934411 / 0.692022
[31,  1500] loss: 0.802, The best rmse/mae: 0.934411 / 0.692022
[31,  1600] loss: 0.792, The best rmse/mae: 0.934411 / 0.692022
[31,  1700] loss: 0.816, The best rmse/mae: 0.934411 / 0.692022
rmse: 0.9362, mae:0.7073 
[32,     0] loss: 0.008, The best rmse/mae: 0.934411 / 0.692022
[32,   100] loss: 0.781, The best rmse/mae: 0.934411 / 0.692022
[32,   200] loss: 0.787, The best rmse/mae: 0.934411 / 0.692022
[32,   300] loss: 0.793, The best rmse/mae: 0.934411 / 0.692022
[32,   400] loss: 0.784, The best rmse/mae: 0.934411 / 0.692022
[32,   500] loss: 0.769, The best rmse/mae: 0.934411 / 0.692022
[32,   600] loss: 0.796, The best rmse/mae: 0.934411 / 0.692022
[32,   700] loss: 0.794, The best rmse/mae: 0.934411 / 0.692022
[32,   800] loss: 0.779, The best rmse/mae: 0.934411 / 0.692022
[32,   900] loss: 0.772, The best rmse/mae: 0.934411 / 0.692022
[32,  1000] loss: 0.795, The best rmse/mae: 0.934411 / 0.692022
[32,  1100] loss: 0.795, The best rmse/mae: 0.934411 / 0.692022
[32,  1200] loss: 0.802, The best rmse/mae: 0.934411 / 0.692022
[32,  1300] loss: 0.797, The best rmse/mae: 0.934411 / 0.692022
[32,  1400] loss: 0.828, The best rmse/mae: 0.934411 / 0.692022
[32,  1500] loss: 0.801, The best rmse/mae: 0.934411 / 0.692022
[32,  1600] loss: 0.805, The best rmse/mae: 0.934411 / 0.692022
[32,  1700] loss: 0.794, The best rmse/mae: 0.934411 / 0.692022
rmse: 0.9412, mae:0.7115 
[33,     0] loss: 0.010, The best rmse/mae: 0.934411 / 0.692022
[33,   100] loss: 0.761, The best rmse/mae: 0.934411 / 0.692022
[33,   200] loss: 0.797, The best rmse/mae: 0.934411 / 0.692022
[33,   300] loss: 0.795, The best rmse/mae: 0.934411 / 0.692022
[33,   400] loss: 0.783, The best rmse/mae: 0.934411 / 0.692022
[33,   500] loss: 0.779, The best rmse/mae: 0.934411 / 0.692022
[33,   600] loss: 0.798, The best rmse/mae: 0.934411 / 0.692022
[33,   700] loss: 0.825, The best rmse/mae: 0.934411 / 0.692022
[33,   800] loss: 0.774, The best rmse/mae: 0.934411 / 0.692022
[33,   900] loss: 0.804, The best rmse/mae: 0.934411 / 0.692022
[33,  1000] loss: 0.784, The best rmse/mae: 0.934411 / 0.692022
[33,  1100] loss: 0.801, The best rmse/mae: 0.934411 / 0.692022
[33,  1200] loss: 0.794, The best rmse/mae: 0.934411 / 0.692022
[33,  1300] loss: 0.793, The best rmse/mae: 0.934411 / 0.692022
[33,  1400] loss: 0.781, The best rmse/mae: 0.934411 / 0.692022
[33,  1500] loss: 0.782, The best rmse/mae: 0.934411 / 0.692022
[33,  1600] loss: 0.783, The best rmse/mae: 0.934411 / 0.692022
[33,  1700] loss: 0.807, The best rmse/mae: 0.934411 / 0.692022
rmse: 0.9380, mae:0.6914 
[34,     0] loss: 0.010, The best rmse/mae: 0.934411 / 0.692022
[34,   100] loss: 0.809, The best rmse/mae: 0.934411 / 0.692022
[34,   200] loss: 0.759, The best rmse/mae: 0.934411 / 0.692022
[34,   300] loss: 0.794, The best rmse/mae: 0.934411 / 0.692022
[34,   400] loss: 0.788, The best rmse/mae: 0.934411 / 0.692022
[34,   500] loss: 0.764, The best rmse/mae: 0.934411 / 0.692022
[34,   600] loss: 0.792, The best rmse/mae: 0.934411 / 0.692022
[34,   700] loss: 0.776, The best rmse/mae: 0.934411 / 0.692022
[34,   800] loss: 0.822, The best rmse/mae: 0.934411 / 0.692022
[34,   900] loss: 0.764, The best rmse/mae: 0.934411 / 0.692022
[34,  1000] loss: 0.792, The best rmse/mae: 0.934411 / 0.692022
[34,  1100] loss: 0.781, The best rmse/mae: 0.934411 / 0.692022
[34,  1200] loss: 0.785, The best rmse/mae: 0.934411 / 0.692022
[34,  1300] loss: 0.805, The best rmse/mae: 0.934411 / 0.692022
[34,  1400] loss: 0.773, The best rmse/mae: 0.934411 / 0.692022
[34,  1500] loss: 0.803, The best rmse/mae: 0.934411 / 0.692022
[34,  1600] loss: 0.802, The best rmse/mae: 0.934411 / 0.692022
[34,  1700] loss: 0.813, The best rmse/mae: 0.934411 / 0.692022
rmse: 0.9394, mae:0.7215 
[35,     0] loss: 0.009, The best rmse/mae: 0.934411 / 0.692022
[35,   100] loss: 0.770, The best rmse/mae: 0.934411 / 0.692022
[35,   200] loss: 0.788, The best rmse/mae: 0.934411 / 0.692022
[35,   300] loss: 0.768, The best rmse/mae: 0.934411 / 0.692022
[35,   400] loss: 0.797, The best rmse/mae: 0.934411 / 0.692022
[35,   500] loss: 0.784, The best rmse/mae: 0.934411 / 0.692022
[35,   600] loss: 0.786, The best rmse/mae: 0.934411 / 0.692022
[35,   700] loss: 0.800, The best rmse/mae: 0.934411 / 0.692022
[35,   800] loss: 0.777, The best rmse/mae: 0.934411 / 0.692022
[35,   900] loss: 0.789, The best rmse/mae: 0.934411 / 0.692022
[35,  1000] loss: 0.780, The best rmse/mae: 0.934411 / 0.692022
[35,  1100] loss: 0.797, The best rmse/mae: 0.934411 / 0.692022
[35,  1200] loss: 0.800, The best rmse/mae: 0.934411 / 0.692022
[35,  1300] loss: 0.773, The best rmse/mae: 0.934411 / 0.692022
[35,  1400] loss: 0.806, The best rmse/mae: 0.934411 / 0.692022
[35,  1500] loss: 0.788, The best rmse/mae: 0.934411 / 0.692022
[35,  1600] loss: 0.793, The best rmse/mae: 0.934411 / 0.692022
[35,  1700] loss: 0.782, The best rmse/mae: 0.934411 / 0.692022
rmse: 0.9388, mae:0.6947 
